  Game.cpp
C:\Users\Ewan\GitHub\WFFC-Edit\WOFFCEdit\Game.cpp(164,82): warning C4244: 'argument': conversion from 'int' to 'float', possible loss of data
C:\Users\Ewan\GitHub\WFFC-Edit\WOFFCEdit\Game.cpp(164,57): warning C4244: 'argument': conversion from 'int' to 'float', possible loss of data
C:\Users\Ewan\GitHub\WFFC-Edit\WOFFCEdit\Game.cpp(165,81): warning C4244: 'argument': conversion from 'int' to 'float', possible loss of data
C:\Users\Ewan\GitHub\WFFC-Edit\WOFFCEdit\Game.cpp(165,56): warning C4244: 'argument': conversion from 'int' to 'float', possible loss of data
C:\Users\Ewan\GitHub\WFFC-Edit\WOFFCEdit\Game.cpp(180,46): warning C4244: 'argument': conversion from 'double' to 'float', possible loss of data
C:\Users\Ewan\GitHub\WFFC-Edit\WOFFCEdit\Game.cpp(179,147): warning C4244: 'argument': conversion from 'double' to 'float', possible loss of data
C:\Users\Ewan\GitHub\WFFC-Edit\WOFFCEdit\Game.cpp(179,98): warning C4244: 'argument': conversion from 'double' to 'float', possible loss of data
C:\Users\Ewan\GitHub\WFFC-Edit\WOFFCEdit\Game.cpp(186,111): warning C4244: 'argument': conversion from 'LONG' to 'float', possible loss of data
C:\Users\Ewan\GitHub\WFFC-Edit\WOFFCEdit\Game.cpp(186,85): warning C4244: 'argument': conversion from 'LONG' to 'float', possible loss of data
C:\Users\Ewan\GitHub\WFFC-Edit\WOFFCEdit\Game.cpp(188,109): warning C4244: 'argument': conversion from 'LONG' to 'float', possible loss of data
C:\Users\Ewan\GitHub\WFFC-Edit\WOFFCEdit\Game.cpp(188,83): warning C4244: 'argument': conversion from 'LONG' to 'float', possible loss of data
C:\Users\Ewan\GitHub\WFFC-Edit\WOFFCEdit\Game.cpp(265,107): warning C4244: 'argument': conversion from 'double' to 'float', possible loss of data
C:\Users\Ewan\GitHub\WFFC-Edit\WOFFCEdit\Game.cpp(265,79): warning C4244: 'argument': conversion from 'double' to 'float', possible loss of data
C:\Users\Ewan\GitHub\WFFC-Edit\WOFFCEdit\Game.cpp(265,65): warning C4244: 'argument': conversion from 'double' to 'float', possible loss of data
C:\Users\Ewan\GitHub\WFFC-Edit\WOFFCEdit\Game.cpp(300,45): warning C4267: 'initializing': conversion from 'size_t' to 'int', possible loss of data
C:\Users\Ewan\GitHub\WFFC-Edit\WOFFCEdit\Game.cpp(310,57): warning C4244: 'argument': conversion from 'double' to 'float', possible loss of data
C:\Users\Ewan\GitHub\WFFC-Edit\WOFFCEdit\Game.cpp(309,57): warning C4244: 'argument': conversion from 'double' to 'float', possible loss of data
C:\Users\Ewan\GitHub\WFFC-Edit\WOFFCEdit\Game.cpp(308,97): warning C4244: 'argument': conversion from 'double' to 'float', possible loss of data
C:\Users\Ewan\GitHub\WFFC-Edit\WOFFCEdit\Game.cpp(294,10): warning C4101: 'Buffer': unreferenced local variable
C:\Users\Ewan\GitHub\WFFC-Edit\WOFFCEdit\Game.cpp(446,37): warning C4267: 'initializing': conversion from 'size_t' to 'int', possible loss of data
  ToolMain.cpp
  _WIN32_WINNT not defined. Defaulting to _WIN32_WINNT_MAXVER (see WinSDKVer.h)
C:\Users\Ewan\GitHub\WFFC-Edit\WOFFCEdit\ToolMain.cpp(91,46): warning C4244: '=': conversion from 'double' to 'float', possible loss of data
C:\Users\Ewan\GitHub\WFFC-Edit\WOFFCEdit\ToolMain.cpp(92,46): warning C4244: '=': conversion from 'double' to 'float', possible loss of data
C:\Users\Ewan\GitHub\WFFC-Edit\WOFFCEdit\ToolMain.cpp(93,46): warning C4244: '=': conversion from 'double' to 'float', possible loss of data
C:\Users\Ewan\GitHub\WFFC-Edit\WOFFCEdit\ToolMain.cpp(94,46): warning C4244: '=': conversion from 'double' to 'float', possible loss of data
C:\Users\Ewan\GitHub\WFFC-Edit\WOFFCEdit\ToolMain.cpp(95,46): warning C4244: '=': conversion from 'double' to 'float', possible loss of data
C:\Users\Ewan\GitHub\WFFC-Edit\WOFFCEdit\ToolMain.cpp(96,46): warning C4244: '=': conversion from 'double' to 'float', possible loss of data
C:\Users\Ewan\GitHub\WFFC-Edit\WOFFCEdit\ToolMain.cpp(97,46): warning C4244: '=': conversion from 'double' to 'float', possible loss of data
C:\Users\Ewan\GitHub\WFFC-Edit\WOFFCEdit\ToolMain.cpp(98,46): warning C4244: '=': conversion from 'double' to 'float', possible loss of data
C:\Users\Ewan\GitHub\WFFC-Edit\WOFFCEdit\ToolMain.cpp(99,46): warning C4244: '=': conversion from 'double' to 'float', possible loss of data
C:\Users\Ewan\GitHub\WFFC-Edit\WOFFCEdit\ToolMain.cpp(111,48): warning C4244: '=': conversion from 'double' to 'float', possible loss of data
C:\Users\Ewan\GitHub\WFFC-Edit\WOFFCEdit\ToolMain.cpp(112,48): warning C4244: '=': conversion from 'double' to 'float', possible loss of data
C:\Users\Ewan\GitHub\WFFC-Edit\WOFFCEdit\ToolMain.cpp(113,48): warning C4244: '=': conversion from 'double' to 'float', possible loss of data
C:\Users\Ewan\GitHub\WFFC-Edit\WOFFCEdit\ToolMain.cpp(117,48): warning C4244: '=': conversion from 'double' to 'float', possible loss of data
C:\Users\Ewan\GitHub\WFFC-Edit\WOFFCEdit\ToolMain.cpp(118,47): warning C4244: '=': conversion from 'double' to 'float', possible loss of data
C:\Users\Ewan\GitHub\WFFC-Edit\WOFFCEdit\ToolMain.cpp(119,42): warning C4244: '=': conversion from 'int' to 'float', possible loss of data
C:\Users\Ewan\GitHub\WFFC-Edit\WOFFCEdit\ToolMain.cpp(123,50): warning C4244: '=': conversion from 'double' to 'int', possible loss of data
C:\Users\Ewan\GitHub\WFFC-Edit\WOFFCEdit\ToolMain.cpp(124,50): warning C4244: '=': conversion from 'double' to 'int', possible loss of data
C:\Users\Ewan\GitHub\WFFC-Edit\WOFFCEdit\ToolMain.cpp(134,57): warning C4244: '=': conversion from 'double' to 'float', possible loss of data
C:\Users\Ewan\GitHub\WFFC-Edit\WOFFCEdit\ToolMain.cpp(135,57): warning C4244: '=': conversion from 'double' to 'float', possible loss of data
C:\Users\Ewan\GitHub\WFFC-Edit\WOFFCEdit\ToolMain.cpp(136,57): warning C4244: '=': conversion from 'double' to 'float', possible loss of data
C:\Users\Ewan\GitHub\WFFC-Edit\WOFFCEdit\ToolMain.cpp(137,58): warning C4244: '=': conversion from 'double' to 'float', possible loss of data
C:\Users\Ewan\GitHub\WFFC-Edit\WOFFCEdit\ToolMain.cpp(138,58): warning C4244: '=': conversion from 'double' to 'float', possible loss of data
C:\Users\Ewan\GitHub\WFFC-Edit\WOFFCEdit\ToolMain.cpp(139,58): warning C4244: '=': conversion from 'double' to 'float', possible loss of data
C:\Users\Ewan\GitHub\WFFC-Edit\WOFFCEdit\ToolMain.cpp(140,59): warning C4244: '=': conversion from 'double' to 'float', possible loss of data
C:\Users\Ewan\GitHub\WFFC-Edit\WOFFCEdit\ToolMain.cpp(141,56): warning C4244: '=': conversion from 'double' to 'float', possible loss of data
C:\Users\Ewan\GitHub\WFFC-Edit\WOFFCEdit\ToolMain.cpp(142,54): warning C4244: '=': conversion from 'double' to 'float', possible loss of data
C:\Users\Ewan\GitHub\WFFC-Edit\WOFFCEdit\ToolMain.cpp(143,57): warning C4244: '=': conversion from 'double' to 'float', possible loss of data
C:\Users\Ewan\GitHub\WFFC-Edit\WOFFCEdit\ToolMain.cpp(203,38): warning C4267: 'initializing': conversion from 'size_t' to 'int', possible loss of data
  Generating Code...
  Win32SimpleSample.vcxproj -> C:\Users\Ewan\GitHub\WFFC-Edit\WOFFCEdit\x64\Debug\WoFEdit.exe
